2020-05-04 21:38:57: ----- ：任务 'jupyter--github'：计算机 'DESKTOP-2EMGL50' 上的分析操作已由 User 所启动 (GoodSync v 9.8.0.0) -----
2020-05-04 21:38:57: G:\MyJupyter (G:/MyJupyter) <-> G:\MyGithub\Lenrning\MyJupyter (G:/MyGithub/Lenrning/MyJupyter), ReconnectSecs=120
2020-05-04 21:38:58: 左侧：文件： 161 (已排除 0)。文件夹： 54 (已排除 1)。 G: NTFS, 可用空间：216 GB，总计空间：278 GB
2020-05-04 21:38:59: 右侧：文件： 180 (已排除 0)。文件夹： 50 (已排除 1)。 G: NTFS, 可用空间：216 GB，总计空间：278 GB
2020-05-04 21:38:59: 变更：101 (103)， 冲突：0， 复制时间：0， 复制状态：0/0， 错误： 0
2020-05-04 21:38:59: Left to Right: Copy File: 39 Delete File: 54 Rename/Move File/Folder: 8 
2020-05-04 21:38:59: ----- ：分析已结束。 历时 00:00:02， 速度： 137 个文件/秒 -----
2020-05-04 21:38:59: 
2020-05-04 21:39:00: ===== ：任务 'jupyter--github'：同步已被 User 所启动，位于计算机 'DESKTOP-2EMGL50' =====
2020-05-04 21:39:00: G:\MyJupyter (G:/MyJupyter) <-> G:\MyGithub\Lenrning\MyJupyter (G:/MyGithub/Lenrning/MyJupyter), ReconnectSecs=120
2020-05-04 21:39:01: 删除文件 'G:/MyGithub/Lenrning/MyJupyter/.ipynb_checkpoints/@property装饰器-checkpoint.ipynb'
2020-05-04 21:39:01: 删除文件 'G:/MyGithub/Lenrning/MyJupyter/.ipynb_checkpoints/decimal模块-checkpoint.ipynb'
2020-05-04 21:39:01: 删除文件 'G:/MyGithub/Lenrning/MyJupyter/.ipynb_checkpoints/f-checkpoint.txt'
2020-05-04 21:39:01: 删除文件 'G:/MyGithub/Lenrning/MyJupyter/.ipynb_checkpoints/Python语言进阶-checkpoint.ipynb'
2020-05-04 21:39:01: 删除文件 'G:/MyGithub/Lenrning/MyJupyter/.ipynb_checkpoints/坐标-checkpoint.ipynb'
2020-05-04 21:39:01: 删除文件 'G:/MyGithub/Lenrning/MyJupyter/.ipynb_checkpoints/定义一个类描述数字时钟-checkpoint.ipynb'
2020-05-04 21:39:01: 删除文件 'G:/MyGithub/Lenrning/MyJupyter/.ipynb_checkpoints/最大公约数-checkpoint.ipynb'
2020-05-04 21:39:01: 删除文件 'G:/MyGithub/Lenrning/MyJupyter/.ipynb_checkpoints/类-checkpoint.ipynb'
2020-05-04 21:39:01: 删除文件 'G:/MyGithub/Lenrning/MyJupyter/.ipynb_checkpoints/类继承-checkpoint.ipynb'
2020-05-04 21:39:01: 删除文件 'G:/MyGithub/Lenrning/MyJupyter/.ipynb_checkpoints/练习测试-checkpoint.ipynb'
2020-05-04 21:39:01: 删除文件 'G:/MyGithub/Lenrning/MyJupyter/.ipynb_checkpoints/致橡树-checkpoint.txt'
2020-05-04 21:39:01: 删除文件 'G:/MyGithub/Lenrning/MyJupyter/.ipynb_checkpoints/获取时间localtime()-checkpoint.ipynb'
2020-05-04 21:39:01: 删除文件 'G:/MyGithub/Lenrning/MyJupyter/@property装饰器.ipynb'
2020-05-04 21:39:01: 删除文件 'G:/MyGithub/Lenrning/MyJupyter/decimal模块.ipynb'
2020-05-04 21:39:01: 删除文件 'G:/MyGithub/Lenrning/MyJupyter/f.txt'
2020-05-04 21:39:01: 删除文件 'G:/MyGithub/Lenrning/MyJupyter/Matplotlib__/.ipynb_checkpoints/Untitled-checkpoint.ipynb'
2020-05-04 21:39:01: 删除文件夹 'G:/MyGithub/Lenrning/MyJupyter/Matplotlib__/.ipynb_checkpoints'
2020-05-04 21:39:01: 删除文件 'G:/MyGithub/Lenrning/MyJupyter/Matplotlib__/Untitled.ipynb'
2020-05-04 21:39:01: 删除文件夹 'G:/MyGithub/Lenrning/MyJupyter/Matplotlib__'
2020-05-04 21:39:01: 删除文件 'G:/MyGithub/Lenrning/MyJupyter/Pillow__/.ipynb_checkpoints/ImageFilter模块-checkpoint.ipynb'
2020-05-04 21:39:01: 删除文件 'G:/MyGithub/Lenrning/MyJupyter/Pillow__/.ipynb_checkpoints/pic-checkpoint.jpg'
2020-05-04 21:39:01: 删除文件 'G:/MyGithub/Lenrning/MyJupyter/Pillow__/.ipynb_checkpoints/tkinter保存文件对话框的简单使用-checkpoint.ipynb'
2020-05-04 21:39:01: 删除文件 'G:/MyGithub/Lenrning/MyJupyter/Pillow__/gif动图/.ipynb_checkpoints/gif帧保存-checkpoint.ipynb'
2020-05-04 21:39:01: 删除文件 'G:/MyGithub/Lenrning/MyJupyter/Pillow__/gif动图/.ipynb_checkpoints/test-checkpoint.gif'
2020-05-04 21:39:01: 删除文件 'G:/MyGithub/Lenrning/MyJupyter/Pillow__/gif动图/.ipynb_checkpoints/tkinter动图gif显示-checkpoint.ipynb'
2020-05-04 21:39:01: 删除文件夹 'G:/MyGithub/Lenrning/MyJupyter/Pillow__/gif动图/.ipynb_checkpoints'
2020-05-04 21:39:01: 删除文件 'G:/MyGithub/Lenrning/MyJupyter/Pillow__/gif动图/gif帧保存.ipynb'
2020-05-04 21:39:01: 删除文件 'G:/MyGithub/Lenrning/MyJupyter/Pillow__/gif动图/test.gif'
2020-05-04 21:39:01: 删除文件 'G:/MyGithub/Lenrning/MyJupyter/Pillow__/gif动图/tkinter动图gif显示.ipynb'
2020-05-04 21:39:01: 删除文件 'G:/MyGithub/Lenrning/MyJupyter/Pillow__/ImageFilter模块.ipynb'
2020-05-04 21:39:01: 删除文件 'G:/MyGithub/Lenrning/MyJupyter/Pillow__/pic.jpg'
2020-05-04 21:39:01: 删除文件 'G:/MyGithub/Lenrning/MyJupyter/Pillow__/tkinter保存文件对话框的简单使用.ipynb'
2020-05-04 21:39:01: 删除文件 'G:/MyGithub/Lenrning/MyJupyter/Python语言进阶.ipynb'
2020-05-04 21:39:01: 删除文件 'G:/MyGithub/Lenrning/MyJupyter/temp/.ipynb_checkpoints/1-checkpoint.py'
2020-05-04 21:39:01: 删除文件 'G:/MyGithub/Lenrning/MyJupyter/temp/.ipynb_checkpoints/2-checkpoint.py'
2020-05-04 21:39:01: 删除文件 'G:/MyGithub/Lenrning/MyJupyter/temp/.ipynb_checkpoints/pic-checkpoint.jpg'
2020-05-04 21:39:01: 删除文件 'G:/MyGithub/Lenrning/MyJupyter/temp/.ipynb_checkpoints/queue_1-checkpoint.py'
2020-05-04 21:39:01: 删除文件夹 'G:/MyGithub/Lenrning/MyJupyter/temp/.ipynb_checkpoints'
2020-05-04 21:39:01: 删除文件 'G:/MyGithub/Lenrning/MyJupyter/temp/1.py'
2020-05-04 21:39:01: 删除文件 'G:/MyGithub/Lenrning/MyJupyter/temp/2.py'
2020-05-04 21:39:01: 删除文件 'G:/MyGithub/Lenrning/MyJupyter/temp/3.py'
2020-05-04 21:39:01: 删除文件 'G:/MyGithub/Lenrning/MyJupyter/temp/queue_1.py'
2020-05-04 21:39:01: 删除文件夹 'G:/MyGithub/Lenrning/MyJupyter/temp'
2020-05-04 21:39:01: 删除文件 'G:/MyGithub/Lenrning/MyJupyter/坐标.ipynb'
2020-05-04 21:39:01: 删除文件 'G:/MyGithub/Lenrning/MyJupyter/定义一个类描述数字时钟.ipynb'
2020-05-04 21:39:01: 删除文件 'G:/MyGithub/Lenrning/MyJupyter/最大公约数.ipynb'
2020-05-04 21:39:01: 删除文件 'G:/MyGithub/Lenrning/MyJupyter/类.ipynb'
2020-05-04 21:39:01: 删除文件 'G:/MyGithub/Lenrning/MyJupyter/类继承.ipynb'
2020-05-04 21:39:01: 删除文件 'G:/MyGithub/Lenrning/MyJupyter/练习测试.ipynb'
2020-05-04 21:39:01: 删除文件 'G:/MyGithub/Lenrning/MyJupyter/致橡树.txt'
2020-05-04 21:39:01: 删除文件 'G:/MyGithub/Lenrning/MyJupyter/获取时间localtime().ipynb'
2020-05-04 21:39:01: 创建文件夹 'G:/MyGithub/Lenrning/MyJupyter/z其他'
2020-05-04 21:39:01: 创建文件夹 'G:/MyGithub/Lenrning/MyJupyter/z其他/.ipynb_checkpoints'
2020-05-04 21:39:01: 创建文件夹 'G:/MyGithub/Lenrning/MyJupyter/第三方库/Matplotlib__'
2020-05-04 21:39:01: 创建文件夹 'G:/MyGithub/Lenrning/MyJupyter/第三方库/Matplotlib__/.ipynb_checkpoints'
2020-05-04 21:39:01: 创建文件夹 'G:/MyGithub/Lenrning/MyJupyter/第三方库/Pillow__'
2020-05-04 21:39:01: 创建文件夹 'G:/MyGithub/Lenrning/MyJupyter/第三方库/Pillow__/.ipynb_checkpoints'
2020-05-04 21:39:01: 创建文件夹 'G:/MyGithub/Lenrning/MyJupyter/第三方库/Pillow__/gif动图'
2020-05-04 21:39:01: 创建文件夹 'G:/MyGithub/Lenrning/MyJupyter/第三方库/Pillow__/gif动图/.ipynb_checkpoints'
2020-05-04 21:39:01: 移动文件夹 G:/MyGithub/Lenrning/MyJupyter/Pillow__/gif动图/pic -> G:/MyGithub/Lenrning/MyJupyter/第三方库/Pillow__/gif动图/pic
2020-05-04 21:39:01: 移动文件夹 G:/MyGithub/Lenrning/MyJupyter/Pillow__/temp -> G:/MyGithub/Lenrning/MyJupyter/第三方库/Pillow__/temp
2020-05-04 21:39:01: 创建文件夹 'G:/MyGithub/Lenrning/MyJupyter/项目'
2020-05-04 21:39:01: 创建文件夹 'G:/MyGithub/Lenrning/MyJupyter/项目/.ipynb_checkpoints'
2020-05-04 21:39:01: 创建文件夹 'G:/MyGithub/Lenrning/MyJupyter/项目/图片转字符画'
2020-05-04 21:39:01: 创建文件夹 'G:/MyGithub/Lenrning/MyJupyter/项目/图片转字符画/.ipynb_checkpoints'
2020-05-04 21:39:01: 移动文件 G:/MyGithub/Lenrning/MyJupyter/Pillow__/.ipynb_checkpoints/thumbnail-checkpoint.png -> G:/MyGithub/Lenrning/MyJupyter/第三方库/Pillow__/.ipynb_checkpoints/thumbnail-checkpoint.png
2020-05-04 21:39:01: 删除文件夹 'G:/MyGithub/Lenrning/MyJupyter/Pillow__/.ipynb_checkpoints'
2020-05-04 21:39:01: 删除文件夹 'G:/MyGithub/Lenrning/MyJupyter/Pillow__/gif动图'
2020-05-04 21:39:01: 移动文件 G:/MyGithub/Lenrning/MyJupyter/Pillow__/thumbnail.png -> G:/MyGithub/Lenrning/MyJupyter/第三方库/Pillow__/thumbnail.png
2020-05-04 21:39:01: 删除文件夹 'G:/MyGithub/Lenrning/MyJupyter/Pillow__'
2020-05-04 21:39:01: 新建复制 'G:/MyJupyter/z其他/.ipynb_checkpoints/正则表达式-checkpoint.ipynb' -> 'G:/MyGithub/Lenrning/MyJupyter/z其他/.ipynb_checkpoints/正则表达式-checkpoint.ipynb'
2020-05-04 21:39:01: 新建复制 'G:/MyJupyter/z其他/正则表达式.ipynb' -> 'G:/MyGithub/Lenrning/MyJupyter/z其他/正则表达式.ipynb'
2020-05-04 21:39:01: 新建复制 'G:/MyJupyter/第三方库/Matplotlib__/.ipynb_checkpoints/Untitled-checkpoint.ipynb' -> 'G:/MyGithub/Lenrning/MyJupyter/第三方库/Matplotlib__/.ipynb_checkpoints/Untitled-checkpoint.ipynb'
2020-05-04 21:39:01: 新建复制 'G:/MyJupyter/第三方库/Matplotlib__/Untitled.ipynb' -> 'G:/MyGithub/Lenrning/MyJupyter/第三方库/Matplotlib__/Untitled.ipynb'
2020-05-04 21:39:01: 新建复制 'G:/MyJupyter/第三方库/Pillow__/.ipynb_checkpoints/ImageFilter模块-checkpoint.ipynb' -> 'G:/MyGithub/Lenrning/MyJupyter/第三方库/Pillow__/.ipynb_checkpoints/ImageFilter模块-checkpoint.ipynb'
2020-05-04 21:39:01: 新建复制 'G:/MyJupyter/第三方库/Pillow__/.ipynb_checkpoints/pic-checkpoint.jpg' -> 'G:/MyGithub/Lenrning/MyJupyter/第三方库/Pillow__/.ipynb_checkpoints/pic-checkpoint.jpg'
2020-05-04 21:39:01: 新建复制 'G:/MyJupyter/第三方库/Pillow__/.ipynb_checkpoints/tkinter保存文件对话框的简单使用-checkpoint.ipynb' -> 'G:/MyGithub/Lenrning/MyJupyter/第三方库/Pillow__/.ipynb_checkpoints/tkinter保存文件对话框的简单使用-checkpoint.ipynb'
2020-05-04 21:39:01: 新建复制 'G:/MyJupyter/第三方库/Pillow__/gif动图/.ipynb_checkpoints/gif帧保存-checkpoint.ipynb' -> 'G:/MyGithub/Lenrning/MyJupyter/第三方库/Pillow__/gif动图/.ipynb_checkpoints/gif帧保存-checkpoint.ipynb'
2020-05-04 21:39:01: 新建复制 'G:/MyJupyter/第三方库/Pillow__/gif动图/.ipynb_checkpoints/test-checkpoint.gif' -> 'G:/MyGithub/Lenrning/MyJupyter/第三方库/Pillow__/gif动图/.ipynb_checkpoints/test-checkpoint.gif'
2020-05-04 21:39:02: 新建复制 'G:/MyJupyter/第三方库/Pillow__/gif动图/.ipynb_checkpoints/tkinter动图gif显示-checkpoint.ipynb' -> 'G:/MyGithub/Lenrning/MyJupyter/第三方库/Pillow__/gif动图/.ipynb_checkpoints/tkinter动图gif显示-checkpoint.ipynb'
2020-05-04 21:39:02: 新建复制 'G:/MyJupyter/第三方库/Pillow__/gif动图/gif帧保存.ipynb' -> 'G:/MyGithub/Lenrning/MyJupyter/第三方库/Pillow__/gif动图/gif帧保存.ipynb'
2020-05-04 21:39:02: 新建复制 'G:/MyJupyter/第三方库/Pillow__/gif动图/test.gif' -> 'G:/MyGithub/Lenrning/MyJupyter/第三方库/Pillow__/gif动图/test.gif'
2020-05-04 21:39:02: 新建复制 'G:/MyJupyter/第三方库/Pillow__/gif动图/tkinter动图gif显示.ipynb' -> 'G:/MyGithub/Lenrning/MyJupyter/第三方库/Pillow__/gif动图/tkinter动图gif显示.ipynb'
2020-05-04 21:39:02: 新建复制 'G:/MyJupyter/第三方库/Pillow__/ImageFilter模块.ipynb' -> 'G:/MyGithub/Lenrning/MyJupyter/第三方库/Pillow__/ImageFilter模块.ipynb'
2020-05-04 21:39:02: 新建复制 'G:/MyJupyter/第三方库/Pillow__/pic.jpg' -> 'G:/MyGithub/Lenrning/MyJupyter/第三方库/Pillow__/pic.jpg'
2020-05-04 21:39:02: 新建复制 'G:/MyJupyter/第三方库/Pillow__/tkinter保存文件对话框的简单使用.ipynb' -> 'G:/MyGithub/Lenrning/MyJupyter/第三方库/Pillow__/tkinter保存文件对话框的简单使用.ipynb'
2020-05-04 21:39:02: 新建复制 'G:/MyJupyter/项目/图片转字符画/.ipynb_checkpoints/output-checkpoint.jpg' -> 'G:/MyGithub/Lenrning/MyJupyter/项目/图片转字符画/.ipynb_checkpoints/output-checkpoint.jpg'
2020-05-04 21:39:02: 新建复制 'G:/MyJupyter/项目/图片转字符画/.ipynb_checkpoints/output-checkpoint.txt' -> 'G:/MyGithub/Lenrning/MyJupyter/项目/图片转字符画/.ipynb_checkpoints/output-checkpoint.txt'
2020-05-04 21:39:02: 新建复制 'G:/MyJupyter/项目/图片转字符画/.ipynb_checkpoints/pic-checkpoint.jpg' -> 'G:/MyGithub/Lenrning/MyJupyter/项目/图片转字符画/.ipynb_checkpoints/pic-checkpoint.jpg'
2020-05-04 21:39:02: 新建复制 'G:/MyJupyter/项目/图片转字符画/.ipynb_checkpoints/Untitled1-checkpoint.ipynb' -> 'G:/MyGithub/Lenrning/MyJupyter/项目/图片转字符画/.ipynb_checkpoints/Untitled1-checkpoint.ipynb'
2020-05-04 21:39:02: 新建复制 'G:/MyJupyter/项目/图片转字符画/.ipynb_checkpoints/weixin-checkpoint.jpg' -> 'G:/MyGithub/Lenrning/MyJupyter/项目/图片转字符画/.ipynb_checkpoints/weixin-checkpoint.jpg'
2020-05-04 21:39:02: 新建复制 'G:/MyJupyter/项目/图片转字符画/.ipynb_checkpoints/图片转字符-checkpoint.ipynb' -> 'G:/MyGithub/Lenrning/MyJupyter/项目/图片转字符画/.ipynb_checkpoints/图片转字符-checkpoint.ipynb'
2020-05-04 21:39:02: 新建复制 'G:/MyJupyter/项目/图片转字符画/output.txt' -> 'G:/MyGithub/Lenrning/MyJupyter/项目/图片转字符画/output.txt'
2020-05-04 21:39:02: 新建复制 'G:/MyJupyter/项目/图片转字符画/pic.jpg' -> 'G:/MyGithub/Lenrning/MyJupyter/项目/图片转字符画/pic.jpg'
2020-05-04 21:39:02: 新建复制 'G:/MyJupyter/项目/图片转字符画/Untitled1.ipynb' -> 'G:/MyGithub/Lenrning/MyJupyter/项目/图片转字符画/Untitled1.ipynb'
2020-05-04 21:39:02: 新建复制 'G:/MyJupyter/项目/图片转字符画/weixin.jpg' -> 'G:/MyGithub/Lenrning/MyJupyter/项目/图片转字符画/weixin.jpg'
2020-05-04 21:39:02: 新建复制 'G:/MyJupyter/项目/图片转字符画/图片转字符.ipynb' -> 'G:/MyGithub/Lenrning/MyJupyter/项目/图片转字符画/图片转字符.ipynb'
2020-05-04 21:39:02: 保存状态文件 G:/MyJupyter/_gsdata_/_file_state_v4._gs
2020-05-04 21:39:02: 保存状态文件 G:/MyGithub/Lenrning/MyJupyter/_gsdata_/_file_state_v4._gs
2020-05-04 21:39:02: 项目同步未必： 103，错误： 0
2020-05-04 21:39:02: ===== ：同步完毕。时间：00:00:02，速度： 2.63 MB/s =====
2020-05-04 21:39:02: 
