2020-04-19 20:10:21: ----- ：任务 'jupyter--github'：计算机 'DESKTOP-2EMGL50' 上的分析操作已由 User 所启动 (GoodSync v 9.8.0.0) -----
2020-04-19 20:10:21: G:\MyJupyter (G:/MyJupyter) <-> G:\MyGithub\Lenrning\MyJupyter (G:/MyGithub/Lenrning/MyJupyter), ReconnectSecs=120
2020-04-19 20:10:21: 左侧：文件： 142 (已排除 0)。文件夹： 30 (已排除 1)。 G: NTFS, 可用空间：216 GB，总计空间：278 GB
2020-04-19 20:10:21: 右侧：文件： 113 (已排除 0)。文件夹： 18 (已排除 1)。 G: NTFS, 可用空间：216 GB，总计空间：278 GB
2020-04-19 20:10:21: 变更：70， 冲突：0， 复制时间：0， 复制状态：0/0， 错误： 0
2020-04-19 20:10:21: Left to Right: Copy File: 54 Delete File: 10 Rename/Move File/Folder: 6 
2020-04-19 20:10:21: ----- ：分析已结束。 历时 00:00:00， 速度： Many 个文件/秒 -----
2020-04-19 20:10:21: 
2020-04-19 20:10:24: ===== ：任务 'jupyter--github'：同步已被 User 所启动，位于计算机 'DESKTOP-2EMGL50' =====
2020-04-19 20:10:24: G:\MyJupyter (G:/MyJupyter) <-> G:\MyGithub\Lenrning\MyJupyter (G:/MyGithub/Lenrning/MyJupyter), ReconnectSecs=120
2020-04-19 20:10:24: 删除文件 'G:/MyGithub/Lenrning/MyJupyter/Matplotlib_/.ipynb_checkpoints/Untitled-checkpoint.ipynb'
2020-04-19 20:10:24: 删除文件夹 'G:/MyGithub/Lenrning/MyJupyter/Matplotlib_/.ipynb_checkpoints'
2020-04-19 20:10:24: 删除文件 'G:/MyGithub/Lenrning/MyJupyter/Matplotlib_/Untitled.ipynb'
2020-04-19 20:10:24: 删除文件夹 'G:/MyGithub/Lenrning/MyJupyter/Matplotlib_'
2020-04-19 20:10:24: 删除文件 'G:/MyGithub/Lenrning/MyJupyter/Pillow_/.ipynb_checkpoints/ImageFilter模块-checkpoint.ipynb'
2020-04-19 20:10:24: 删除文件 'G:/MyGithub/Lenrning/MyJupyter/Pillow_/.ipynb_checkpoints/pic-checkpoint.jpg'
2020-04-19 20:10:24: 删除文件 'G:/MyGithub/Lenrning/MyJupyter/Pillow_/ImageFilter模块.ipynb'
2020-04-19 20:10:24: 删除文件 'G:/MyGithub/Lenrning/MyJupyter/Pillow_/pic.jpg'
2020-04-19 20:10:24: 创建文件夹 'G:/MyGithub/Lenrning/MyJupyter/Matplotlib__'
2020-04-19 20:10:24: 创建文件夹 'G:/MyGithub/Lenrning/MyJupyter/Matplotlib__/.ipynb_checkpoints'
2020-04-19 20:10:24: 创建文件夹 'G:/MyGithub/Lenrning/MyJupyter/Pillow__'
2020-04-19 20:10:24: 创建文件夹 'G:/MyGithub/Lenrning/MyJupyter/Pillow__/.ipynb_checkpoints'
2020-04-19 20:10:24: 移动文件夹 G:/MyGithub/Lenrning/MyJupyter/Pillow_/temp -> G:/MyGithub/Lenrning/MyJupyter/Pillow__/temp
2020-04-19 20:10:24: 创建文件夹 'G:/MyGithub/Lenrning/MyJupyter/标准库/时间time模块'
2020-04-19 20:10:24: 创建文件夹 'G:/MyGithub/Lenrning/MyJupyter/标准库/时间time模块/.ipynb_checkpoints'
2020-04-19 20:10:25: 创建文件夹 'G:/MyGithub/Lenrning/MyJupyter/第三方库'
2020-04-19 20:10:25: 创建文件夹 'G:/MyGithub/Lenrning/MyJupyter/第三方库/.ipynb_checkpoints'
2020-04-19 20:10:25: 创建文件夹 'G:/MyGithub/Lenrning/MyJupyter/第三方库/pyinstaller__'
2020-04-19 20:10:25: 创建文件夹 'G:/MyGithub/Lenrning/MyJupyter/第三方库/pyinstaller__/.ipynb_checkpoints'
2020-04-19 20:10:25: 创建文件夹 'G:/MyGithub/Lenrning/MyJupyter/第三方库/pyperclip__'
2020-04-19 20:10:25: 创建文件夹 'G:/MyGithub/Lenrning/MyJupyter/第三方库/pyperclip__/.ipynb_checkpoints'
2020-04-19 20:10:25: 创建文件夹 'G:/MyGithub/Lenrning/MyJupyter/第三方库/PyQt5__'
2020-04-19 20:10:25: 创建文件夹 'G:/MyGithub/Lenrning/MyJupyter/第三方库/PyQt5__/.ipynb_checkpoints'
2020-04-19 20:10:25: 创建文件夹 'G:/MyGithub/Lenrning/MyJupyter/第三方库/PyQt5__/ui'
2020-04-19 20:10:25: 创建文件夹 'G:/MyGithub/Lenrning/MyJupyter/第三方库/PyQt5__/ui/.ipynb_checkpoints'
2020-04-19 20:10:25: 新建复制 'G:/MyJupyter/Matplotlib__/.ipynb_checkpoints/Untitled-checkpoint.ipynb' -> 'G:/MyGithub/Lenrning/MyJupyter/Matplotlib__/.ipynb_checkpoints/Untitled-checkpoint.ipynb'
2020-04-19 20:10:25: 新建复制 'G:/MyJupyter/Matplotlib__/Untitled.ipynb' -> 'G:/MyGithub/Lenrning/MyJupyter/Matplotlib__/Untitled.ipynb'
2020-04-19 20:10:25: 移动文件 G:/MyGithub/Lenrning/MyJupyter/Pillow_/.ipynb_checkpoints/thumbnail-checkpoint.png -> G:/MyGithub/Lenrning/MyJupyter/Pillow__/.ipynb_checkpoints/thumbnail-checkpoint.png
2020-04-19 20:10:25: 删除文件夹 'G:/MyGithub/Lenrning/MyJupyter/Pillow_/.ipynb_checkpoints'
2020-04-19 20:10:25: 移动文件 G:/MyGithub/Lenrning/MyJupyter/Pillow_/thumbnail.png -> G:/MyGithub/Lenrning/MyJupyter/Pillow__/thumbnail.png
2020-04-19 20:10:25: 删除文件夹 'G:/MyGithub/Lenrning/MyJupyter/Pillow_'
2020-04-19 20:10:25: 新建复制 'G:/MyJupyter/Pillow__/.ipynb_checkpoints/ImageFilter模块-checkpoint.ipynb' -> 'G:/MyGithub/Lenrning/MyJupyter/Pillow__/.ipynb_checkpoints/ImageFilter模块-checkpoint.ipynb'
2020-04-19 20:10:25: 新建复制 'G:/MyJupyter/Pillow__/.ipynb_checkpoints/pic-checkpoint.jpg' -> 'G:/MyGithub/Lenrning/MyJupyter/Pillow__/.ipynb_checkpoints/pic-checkpoint.jpg'
2020-04-19 20:10:25: 新建复制 'G:/MyJupyter/Pillow__/ImageFilter模块.ipynb' -> 'G:/MyGithub/Lenrning/MyJupyter/Pillow__/ImageFilter模块.ipynb'
2020-04-19 20:10:25: 新建复制 'G:/MyJupyter/Pillow__/pic.jpg' -> 'G:/MyGithub/Lenrning/MyJupyter/Pillow__/pic.jpg'
2020-04-19 20:10:25: 新建复制 'G:/MyJupyter/标准库/tkinter模块/.ipynb_checkpoints/canvas画布-checkpoint.ipynb' -> 'G:/MyGithub/Lenrning/MyJupyter/标准库/tkinter模块/.ipynb_checkpoints/canvas画布-checkpoint.ipynb'
2020-04-19 20:10:25: 新建复制 'G:/MyJupyter/标准库/tkinter模块/.ipynb_checkpoints/pack布局-checkpoint.ipynb' -> 'G:/MyGithub/Lenrning/MyJupyter/标准库/tkinter模块/.ipynb_checkpoints/pack布局-checkpoint.ipynb'
2020-04-19 20:10:25: 新建复制 'G:/MyJupyter/标准库/tkinter模块/.ipynb_checkpoints/圆形电子钟-checkpoint.ipynb' -> 'G:/MyGithub/Lenrning/MyJupyter/标准库/tkinter模块/.ipynb_checkpoints/圆形电子钟-checkpoint.ipynb'
2020-04-19 20:10:25: 覆盖复制 'G:/MyJupyter/标准库/tkinter模块/.ipynb_checkpoints/大杂烩-checkpoint.ipynb' -> 'G:/MyGithub/Lenrning/MyJupyter/标准库/tkinter模块/.ipynb_checkpoints/大杂烩-checkpoint.ipynb'
2020-04-19 20:10:25: 新建复制 'G:/MyJupyter/标准库/tkinter模块/canvas画布.ipynb' -> 'G:/MyGithub/Lenrning/MyJupyter/标准库/tkinter模块/canvas画布.ipynb'
2020-04-19 20:10:25: 覆盖复制 'G:/MyJupyter/标准库/tkinter模块/Entry&Text.ipynb' -> 'G:/MyGithub/Lenrning/MyJupyter/标准库/tkinter模块/Entry&Text.ipynb'
2020-04-19 20:10:25: 新建复制 'G:/MyJupyter/标准库/tkinter模块/pack布局.ipynb' -> 'G:/MyGithub/Lenrning/MyJupyter/标准库/tkinter模块/pack布局.ipynb'
2020-04-19 20:10:25: 新建复制 'G:/MyJupyter/标准库/tkinter模块/圆形电子钟.ipynb' -> 'G:/MyGithub/Lenrning/MyJupyter/标准库/tkinter模块/圆形电子钟.ipynb'
2020-04-19 20:10:25: 覆盖复制 'G:/MyJupyter/标准库/tkinter模块/大杂烩.ipynb' -> 'G:/MyGithub/Lenrning/MyJupyter/标准库/tkinter模块/大杂烩.ipynb'
2020-04-19 20:10:25: 新建复制 'G:/MyJupyter/标准库/时间time模块/.ipynb_checkpoints/时钟-checkpoint.ipynb' -> 'G:/MyGithub/Lenrning/MyJupyter/标准库/时间time模块/.ipynb_checkpoints/时钟-checkpoint.ipynb'
2020-04-19 20:10:25: 新建复制 'G:/MyJupyter/标准库/时间time模块/.ipynb_checkpoints/时间-checkpoint.ipynb' -> 'G:/MyGithub/Lenrning/MyJupyter/标准库/时间time模块/.ipynb_checkpoints/时间-checkpoint.ipynb'
2020-04-19 20:10:25: 新建复制 'G:/MyJupyter/标准库/时间time模块/时钟.ipynb' -> 'G:/MyGithub/Lenrning/MyJupyter/标准库/时间time模块/时钟.ipynb'
2020-04-19 20:10:25: 新建复制 'G:/MyJupyter/标准库/时间time模块/时间.ipynb' -> 'G:/MyGithub/Lenrning/MyJupyter/标准库/时间time模块/时间.ipynb'
2020-04-19 20:10:25: 新建复制 'G:/MyJupyter/第三方库/pyinstaller__/.ipynb_checkpoints/使用方法-checkpoint.md' -> 'G:/MyGithub/Lenrning/MyJupyter/第三方库/pyinstaller__/.ipynb_checkpoints/使用方法-checkpoint.md'
2020-04-19 20:10:25: 新建复制 'G:/MyJupyter/第三方库/pyinstaller__/使用方法.md' -> 'G:/MyGithub/Lenrning/MyJupyter/第三方库/pyinstaller__/使用方法.md'
2020-04-19 20:10:25: 新建复制 'G:/MyJupyter/第三方库/pyperclip__/.ipynb_checkpoints/Untitled-checkpoint.ipynb' -> 'G:/MyGithub/Lenrning/MyJupyter/第三方库/pyperclip__/.ipynb_checkpoints/Untitled-checkpoint.ipynb'
2020-04-19 20:10:25: 新建复制 'G:/MyJupyter/第三方库/pyperclip__/.ipynb_checkpoints/将文本写入剪切板-checkpoint.ipynb' -> 'G:/MyGithub/Lenrning/MyJupyter/第三方库/pyperclip__/.ipynb_checkpoints/将文本写入剪切板-checkpoint.ipynb'
2020-04-19 20:10:25: 新建复制 'G:/MyJupyter/第三方库/pyperclip__/Untitled.ipynb' -> 'G:/MyGithub/Lenrning/MyJupyter/第三方库/pyperclip__/Untitled.ipynb'
2020-04-19 20:10:25: 新建复制 'G:/MyJupyter/第三方库/pyperclip__/将文本写入剪切板.ipynb' -> 'G:/MyGithub/Lenrning/MyJupyter/第三方库/pyperclip__/将文本写入剪切板.ipynb'
2020-04-19 20:10:25: 新建复制 'G:/MyJupyter/第三方库/PyQt5__/.ipynb_checkpoints/ui转py-checkpoint.ipynb' -> 'G:/MyGithub/Lenrning/MyJupyter/第三方库/PyQt5__/.ipynb_checkpoints/ui转py-checkpoint.ipynb'
2020-04-19 20:10:25: 新建复制 'G:/MyJupyter/第三方库/PyQt5__/.ipynb_checkpoints/Untitled-checkpoint.ipynb' -> 'G:/MyGithub/Lenrning/MyJupyter/第三方库/PyQt5__/.ipynb_checkpoints/Untitled-checkpoint.ipynb'
2020-04-19 20:10:25: 新建复制 'G:/MyJupyter/第三方库/PyQt5__/.ipynb_checkpoints/安装-checkpoint.txt' -> 'G:/MyGithub/Lenrning/MyJupyter/第三方库/PyQt5__/.ipynb_checkpoints/安装-checkpoint.txt'
2020-04-19 20:10:25: 新建复制 'G:/MyJupyter/第三方库/PyQt5__/ui/.ipynb_checkpoints/2-checkpoint.ui' -> 'G:/MyGithub/Lenrning/MyJupyter/第三方库/PyQt5__/ui/.ipynb_checkpoints/2-checkpoint.ui'
2020-04-19 20:10:25: 新建复制 'G:/MyJupyter/第三方库/PyQt5__/ui/.ipynb_checkpoints/test-checkpoint.py' -> 'G:/MyGithub/Lenrning/MyJupyter/第三方库/PyQt5__/ui/.ipynb_checkpoints/test-checkpoint.py'
2020-04-19 20:10:25: 新建复制 'G:/MyJupyter/第三方库/PyQt5__/ui/.ipynb_checkpoints/ui转py-checkpoint.ipynb' -> 'G:/MyGithub/Lenrning/MyJupyter/第三方库/PyQt5__/ui/.ipynb_checkpoints/ui转py-checkpoint.ipynb'
2020-04-19 20:10:25: 新建复制 'G:/MyJupyter/第三方库/PyQt5__/ui/2.ui' -> 'G:/MyGithub/Lenrning/MyJupyter/第三方库/PyQt5__/ui/2.ui'
2020-04-19 20:10:25: 新建复制 'G:/MyJupyter/第三方库/PyQt5__/ui/helloworld.ui' -> 'G:/MyGithub/Lenrning/MyJupyter/第三方库/PyQt5__/ui/helloworld.ui'
2020-04-19 20:10:25: 新建复制 'G:/MyJupyter/第三方库/PyQt5__/ui/test.py' -> 'G:/MyGithub/Lenrning/MyJupyter/第三方库/PyQt5__/ui/test.py'
2020-04-19 20:10:25: 新建复制 'G:/MyJupyter/第三方库/PyQt5__/ui/ui转py.ipynb' -> 'G:/MyGithub/Lenrning/MyJupyter/第三方库/PyQt5__/ui/ui转py.ipynb'
2020-04-19 20:10:25: 新建复制 'G:/MyJupyter/第三方库/PyQt5__/ui转py.ipynb' -> 'G:/MyGithub/Lenrning/MyJupyter/第三方库/PyQt5__/ui转py.ipynb'
2020-04-19 20:10:25: 新建复制 'G:/MyJupyter/第三方库/PyQt5__/Untitled.ipynb' -> 'G:/MyGithub/Lenrning/MyJupyter/第三方库/PyQt5__/Untitled.ipynb'
2020-04-19 20:10:25: 新建复制 'G:/MyJupyter/第三方库/PyQt5__/安装.txt' -> 'G:/MyGithub/Lenrning/MyJupyter/第三方库/PyQt5__/安装.txt'
2020-04-19 20:10:25: 保存状态文件 G:/MyJupyter/_gsdata_/_file_state_v4._gs
2020-04-19 20:10:25: 保存状态文件 G:/MyGithub/Lenrning/MyJupyter/_gsdata_/_file_state_v4._gs
2020-04-19 20:10:25: 项目同步未必： 70，错误： 0
2020-04-19 20:10:25: ===== ：同步完毕。时间：00:00:01，速度： 17.8 MB/s =====
2020-04-19 20:10:25: 
