2020-04-19 21:17:25: ----- ：任务 'jupyter--github'：计算机 'DESKTOP-2EMGL50' 上的分析操作已由 User 所启动 (GoodSync v 9.8.0.0) -----
2020-04-19 21:17:25: G:\MyJupyter (G:/MyJupyter) <-> G:\MyGithub\Lenrning\MyJupyter (G:/MyGithub/Lenrning/MyJupyter), ReconnectSecs=120
2020-04-19 21:17:25: 左侧：文件： 143 (已排除 0)。文件夹： 30 (已排除 1)。 G: NTFS, 可用空间：216 GB，总计空间：278 GB
2020-04-19 21:17:25: 右侧：文件： 142 (已排除 0)。文件夹： 30 (已排除 1)。 G: NTFS, 可用空间：216 GB，总计空间：278 GB
2020-04-19 21:17:25: 变更：8， 冲突：0， 复制时间：0， 复制状态：0/0， 错误： 0
2020-04-19 21:17:25: Left to Right: Copy File: 8 
2020-04-19 21:17:25: ----- ：分析已结束。 历时 00:00:00， 速度： Many 个文件/秒 -----
2020-04-19 21:17:25: 
2020-04-19 21:17:27: ===== ：任务 'jupyter--github'：同步已被 User 所启动，位于计算机 'DESKTOP-2EMGL50' =====
2020-04-19 21:17:27: G:\MyJupyter (G:/MyJupyter) <-> G:\MyGithub\Lenrning\MyJupyter (G:/MyGithub/Lenrning/MyJupyter), ReconnectSecs=120
2020-04-19 21:17:27: 覆盖复制 'G:/MyJupyter/Pillow__/.ipynb_checkpoints/ImageFilter模块-checkpoint.ipynb' -> 'G:/MyGithub/Lenrning/MyJupyter/Pillow__/.ipynb_checkpoints/ImageFilter模块-checkpoint.ipynb'
2020-04-19 21:17:27: 覆盖复制 'G:/MyJupyter/Pillow__/ImageFilter模块.ipynb' -> 'G:/MyGithub/Lenrning/MyJupyter/Pillow__/ImageFilter模块.ipynb'
2020-04-19 21:17:27: 覆盖复制 'G:/MyJupyter/Pillow__/thumbnail.png' -> 'G:/MyGithub/Lenrning/MyJupyter/Pillow__/thumbnail.png'
2020-04-19 21:17:27: 覆盖复制 'G:/MyJupyter/标准库/tkinter模块/.ipynb_checkpoints/tkinter模块-checkpoint.ipynb' -> 'G:/MyGithub/Lenrning/MyJupyter/标准库/tkinter模块/.ipynb_checkpoints/tkinter模块-checkpoint.ipynb'
2020-04-19 21:17:27: 覆盖复制 'G:/MyJupyter/标准库/tkinter模块/.ipynb_checkpoints/圆形电子钟-checkpoint.ipynb' -> 'G:/MyGithub/Lenrning/MyJupyter/标准库/tkinter模块/.ipynb_checkpoints/圆形电子钟-checkpoint.ipynb'
2020-04-19 21:17:27: 新建复制 'G:/MyJupyter/标准库/tkinter模块/temp/clock1.jpg' -> 'G:/MyGithub/Lenrning/MyJupyter/标准库/tkinter模块/temp/clock1.jpg'
2020-04-19 21:17:27: 覆盖复制 'G:/MyJupyter/标准库/tkinter模块/tkinter模块.ipynb' -> 'G:/MyGithub/Lenrning/MyJupyter/标准库/tkinter模块/tkinter模块.ipynb'
2020-04-19 21:17:27: 覆盖复制 'G:/MyJupyter/标准库/tkinter模块/圆形电子钟.ipynb' -> 'G:/MyGithub/Lenrning/MyJupyter/标准库/tkinter模块/圆形电子钟.ipynb'
2020-04-19 21:17:27: 保存状态文件 G:/MyJupyter/_gsdata_/_file_state_v4._gs
2020-04-19 21:17:27: 保存状态文件 G:/MyGithub/Lenrning/MyJupyter/_gsdata_/_file_state_v4._gs
2020-04-19 21:17:27: 项目同步未必： 8，错误： 0
2020-04-19 21:17:27: ===== ：同步完毕。时间：00:00:00，速度： 0 字节/s =====
2020-04-19 21:17:27: 
