2020-04-12 19:57:35: ----- ：任务 'jupyter--github'：计算机 'DESKTOP-2EMGL50' 上的分析操作已由 User 所启动 (GoodSync v 9.8.0.0) -----
2020-04-12 19:57:35: G:\MyJupyter (G:/MyJupyter) <-> G:\MyGithub\Lenrning\MyJupyter (G:/MyGithub/Lenrning/MyJupyter), ReconnectSecs=120
2020-04-12 19:57:35: 左侧：文件： 65 (已排除 0)。文件夹： 9 (已排除 1)。 G: NTFS, 可用空间：233 GB，总计空间：278 GB
2020-04-12 19:57:35: 右侧：文件： 45 (已排除 0)。文件夹： 7 (已排除 1)。 G: NTFS, 可用空间：233 GB，总计空间：278 GB
2020-04-12 19:57:35: 变更：32， 冲突：0， 复制时间：0， 复制状态：0/0， 错误： 0
2020-04-12 19:57:35: Left to Right: Copy File: 28 Delete File: 4 
2020-04-12 19:57:35: ----- ：分析已结束。 历时 00:00:00， 速度： Many 个文件/秒 -----
2020-04-12 19:57:35: 
2020-04-12 19:57:36: ===== ：任务 'jupyter--github'：同步已被 User 所启动，位于计算机 'DESKTOP-2EMGL50' =====
2020-04-12 19:57:36: G:\MyJupyter (G:/MyJupyter) <-> G:\MyGithub\Lenrning\MyJupyter (G:/MyGithub/Lenrning/MyJupyter), ReconnectSecs=120
2020-04-12 19:57:36: 删除文件 'G:/MyGithub/Lenrning/MyJupyter/标准库/.ipynb_checkpoints/Untitled-checkpoint.ipynb'
2020-04-12 19:57:36: 删除文件 'G:/MyGithub/Lenrning/MyJupyter/标准库/Untitled.ipynb'
2020-04-12 19:57:36: 删除文件 'G:/MyGithub/Lenrning/MyJupyter/洛谷/.ipynb_checkpoints/Untitled-checkpoint.ipynb'
2020-04-12 19:57:36: 删除文件 'G:/MyGithub/Lenrning/MyJupyter/洛谷/Untitled.ipynb'
2020-04-12 19:57:36: 创建文件夹 'G:/MyGithub/Lenrning/MyJupyter/Matplotlib_'
2020-04-12 19:57:36: 创建文件夹 'G:/MyGithub/Lenrning/MyJupyter/Matplotlib_/.ipynb_checkpoints'
2020-04-12 19:57:36: 新建复制 'G:/MyJupyter/.ipynb_checkpoints/decimal模块-checkpoint.ipynb' -> 'G:/MyGithub/Lenrning/MyJupyter/.ipynb_checkpoints/decimal模块-checkpoint.ipynb'
2020-04-12 19:57:36: 新建复制 'G:/MyJupyter/.ipynb_checkpoints/最大公约数-checkpoint.ipynb' -> 'G:/MyGithub/Lenrning/MyJupyter/.ipynb_checkpoints/最大公约数-checkpoint.ipynb'
2020-04-12 19:57:36: 新建复制 'G:/MyJupyter/decimal模块.ipynb' -> 'G:/MyGithub/Lenrning/MyJupyter/decimal模块.ipynb'
2020-04-12 19:57:36: 新建复制 'G:/MyJupyter/Matplotlib_/.ipynb_checkpoints/Untitled-checkpoint.ipynb' -> 'G:/MyGithub/Lenrning/MyJupyter/Matplotlib_/.ipynb_checkpoints/Untitled-checkpoint.ipynb'
2020-04-12 19:57:36: 新建复制 'G:/MyJupyter/Matplotlib_/Untitled.ipynb' -> 'G:/MyGithub/Lenrning/MyJupyter/Matplotlib_/Untitled.ipynb'
2020-04-12 19:57:36: 新建复制 'G:/MyJupyter/最大公约数.ipynb' -> 'G:/MyGithub/Lenrning/MyJupyter/最大公约数.ipynb'
2020-04-12 19:57:36: 新建复制 'G:/MyJupyter/标准库/.ipynb_checkpoints/collections模块--Counter-checkpoint.ipynb' -> 'G:/MyGithub/Lenrning/MyJupyter/标准库/.ipynb_checkpoints/collections模块--Counter-checkpoint.ipynb'
2020-04-12 19:57:36: 新建复制 'G:/MyJupyter/标准库/collections模块--Counter.ipynb' -> 'G:/MyGithub/Lenrning/MyJupyter/标准库/collections模块--Counter.ipynb'
2020-04-12 19:57:36: 新建复制 'G:/MyJupyter/洛谷/.ipynb_checkpoints/P1888三角函数-checkpoint.ipynb' -> 'G:/MyGithub/Lenrning/MyJupyter/洛谷/.ipynb_checkpoints/P1888三角函数-checkpoint.ipynb'
2020-04-12 19:57:36: 新建复制 'G:/MyJupyter/洛谷/.ipynb_checkpoints/P4414ABC-checkpoint.ipynb' -> 'G:/MyGithub/Lenrning/MyJupyter/洛谷/.ipynb_checkpoints/P4414ABC-checkpoint.ipynb'
2020-04-12 19:57:36: 新建复制 'G:/MyJupyter/洛谷/.ipynb_checkpoints/P5711闰年判断-checkpoint.ipynb' -> 'G:/MyGithub/Lenrning/MyJupyter/洛谷/.ipynb_checkpoints/P5711闰年判断-checkpoint.ipynb'
2020-04-12 19:57:36: 新建复制 'G:/MyJupyter/洛谷/.ipynb_checkpoints/P5713洛谷团队系统-checkpoint.ipynb' -> 'G:/MyGithub/Lenrning/MyJupyter/洛谷/.ipynb_checkpoints/P5713洛谷团队系统-checkpoint.ipynb'
2020-04-12 19:57:36: 新建复制 'G:/MyJupyter/洛谷/.ipynb_checkpoints/P5714肥胖问题-checkpoint.ipynb' -> 'G:/MyGithub/Lenrning/MyJupyter/洛谷/.ipynb_checkpoints/P5714肥胖问题-checkpoint.ipynb'
2020-04-12 19:57:36: 覆盖复制 'G:/MyJupyter/洛谷/.ipynb_checkpoints/P5715三位数排序-checkpoint.ipynb' -> 'G:/MyGithub/Lenrning/MyJupyter/洛谷/.ipynb_checkpoints/P5715三位数排序-checkpoint.ipynb'
2020-04-12 19:57:36: 新建复制 'G:/MyJupyter/洛谷/.ipynb_checkpoints/P5716月份天数-checkpoint.ipynb' -> 'G:/MyGithub/Lenrning/MyJupyter/洛谷/.ipynb_checkpoints/P5716月份天数-checkpoint.ipynb'
2020-04-12 19:57:36: 新建复制 'G:/MyJupyter/洛谷/.ipynb_checkpoints/P5717三角形分类-checkpoint.ipynb' -> 'G:/MyGithub/Lenrning/MyJupyter/洛谷/.ipynb_checkpoints/P5717三角形分类-checkpoint.ipynb'
2020-04-12 19:57:36: 新建复制 'G:/MyJupyter/洛谷/.ipynb_checkpoints/Untitled1-checkpoint.ipynb' -> 'G:/MyGithub/Lenrning/MyJupyter/洛谷/.ipynb_checkpoints/Untitled1-checkpoint.ipynb'
2020-04-12 19:57:36: 新建复制 'G:/MyJupyter/洛谷/P1888三角函数.ipynb' -> 'G:/MyGithub/Lenrning/MyJupyter/洛谷/P1888三角函数.ipynb'
2020-04-12 19:57:36: 新建复制 'G:/MyJupyter/洛谷/P4414ABC.ipynb' -> 'G:/MyGithub/Lenrning/MyJupyter/洛谷/P4414ABC.ipynb'
2020-04-12 19:57:36: 新建复制 'G:/MyJupyter/洛谷/P5711闰年判断.ipynb' -> 'G:/MyGithub/Lenrning/MyJupyter/洛谷/P5711闰年判断.ipynb'
2020-04-12 19:57:36: 新建复制 'G:/MyJupyter/洛谷/P5713洛谷团队系统.ipynb' -> 'G:/MyGithub/Lenrning/MyJupyter/洛谷/P5713洛谷团队系统.ipynb'
2020-04-12 19:57:36: 新建复制 'G:/MyJupyter/洛谷/P5714肥胖问题.ipynb' -> 'G:/MyGithub/Lenrning/MyJupyter/洛谷/P5714肥胖问题.ipynb'
2020-04-12 19:57:36: 覆盖复制 'G:/MyJupyter/洛谷/P5715三位数排序.ipynb' -> 'G:/MyGithub/Lenrning/MyJupyter/洛谷/P5715三位数排序.ipynb'
2020-04-12 19:57:36: 新建复制 'G:/MyJupyter/洛谷/P5716月份天数.ipynb' -> 'G:/MyGithub/Lenrning/MyJupyter/洛谷/P5716月份天数.ipynb'
2020-04-12 19:57:36: 新建复制 'G:/MyJupyter/洛谷/P5717三角形分类.ipynb' -> 'G:/MyGithub/Lenrning/MyJupyter/洛谷/P5717三角形分类.ipynb'
2020-04-12 19:57:36: 新建复制 'G:/MyJupyter/洛谷/Untitled1.ipynb' -> 'G:/MyGithub/Lenrning/MyJupyter/洛谷/Untitled1.ipynb'
2020-04-12 19:57:36: 保存状态文件 G:/MyJupyter/_gsdata_/_file_state_v4._gs
2020-04-12 19:57:36: 保存状态文件 G:/MyGithub/Lenrning/MyJupyter/_gsdata_/_file_state_v4._gs
2020-04-12 19:57:37: 项目同步未必： 32，错误： 0
2020-04-12 19:57:37: ===== ：同步完毕。时间：00:00:01，速度： 0 字节/s =====
2020-04-12 19:57:37: 
