2020-04-20 22:10:26: ----- ：任务 'jupyter--github'：计算机 'DESKTOP-2EMGL50' 上的分析操作已由 User 所启动 (GoodSync v 9.8.0.0) -----
2020-04-20 22:10:26: G:\MyJupyter (G:/MyJupyter) <-> G:\MyGithub\Lenrning\MyJupyter (G:/MyGithub/Lenrning/MyJupyter), ReconnectSecs=120
2020-04-20 22:10:26: 左侧：文件： 170 (已排除 0)。文件夹： 36 (已排除 1)。 G: NTFS, 可用空间：216 GB，总计空间：278 GB
2020-04-20 22:10:26: 右侧：文件： 145 (已排除 0)。文件夹： 30 (已排除 1)。 G: NTFS, 可用空间：216 GB，总计空间：278 GB
2020-04-20 22:10:26: 变更：35， 冲突：0， 复制时间：0， 复制状态：0/0， 错误： 0
2020-04-20 22:10:26: Left to Right: Copy File: 33 Delete File: 2 
2020-04-20 22:10:26: ----- ：分析已结束。 历时 00:00:00， 速度： Many 个文件/秒 -----
2020-04-20 22:10:26: 
2020-04-20 22:10:28: ===== ：任务 'jupyter--github'：同步已被 User 所启动，位于计算机 'DESKTOP-2EMGL50' =====
2020-04-20 22:10:28: G:\MyJupyter (G:/MyJupyter) <-> G:\MyGithub\Lenrning\MyJupyter (G:/MyGithub/Lenrning/MyJupyter), ReconnectSecs=120
2020-04-20 22:10:28: 删除文件 'G:/MyGithub/Lenrning/MyJupyter/标准库/tkinter模块/.ipynb_checkpoints/Untitled-checkpoint.ipynb'
2020-04-20 22:10:28: 删除文件 'G:/MyGithub/Lenrning/MyJupyter/标准库/tkinter模块/Untitled.ipynb'
2020-04-20 22:10:28: 创建文件夹 'G:/MyGithub/Lenrning/MyJupyter/Pillow__/gif动图'
2020-04-20 22:10:28: 创建文件夹 'G:/MyGithub/Lenrning/MyJupyter/Pillow__/gif动图/.ipynb_checkpoints'
2020-04-20 22:10:28: 创建文件夹 'G:/MyGithub/Lenrning/MyJupyter/Pillow__/gif动图/pic'
2020-04-20 22:10:28: 创建文件夹 'G:/MyGithub/Lenrning/MyJupyter/Pillow__/gif动图/pic/.ipynb_checkpoints'
2020-04-20 22:10:28: 创建文件夹 'G:/MyGithub/Lenrning/MyJupyter/标准库/tkinter模块/1'
2020-04-20 22:10:28: 创建文件夹 'G:/MyGithub/Lenrning/MyJupyter/标准库/tkinter模块/1/.ipynb_checkpoints'
2020-04-20 22:10:28: 新建复制 'G:/MyJupyter/Pillow__/gif动图/.ipynb_checkpoints/gif帧保存-checkpoint.ipynb' -> 'G:/MyGithub/Lenrning/MyJupyter/Pillow__/gif动图/.ipynb_checkpoints/gif帧保存-checkpoint.ipynb'
2020-04-20 22:10:28: 新建复制 'G:/MyJupyter/Pillow__/gif动图/.ipynb_checkpoints/test-checkpoint.gif' -> 'G:/MyGithub/Lenrning/MyJupyter/Pillow__/gif动图/.ipynb_checkpoints/test-checkpoint.gif'
2020-04-20 22:10:28: 新建复制 'G:/MyJupyter/Pillow__/gif动图/.ipynb_checkpoints/tkinter动图gif显示-checkpoint.ipynb' -> 'G:/MyGithub/Lenrning/MyJupyter/Pillow__/gif动图/.ipynb_checkpoints/tkinter动图gif显示-checkpoint.ipynb'
2020-04-20 22:10:28: 新建复制 'G:/MyJupyter/Pillow__/gif动图/.ipynb_checkpoints/Untitled-checkpoint.ipynb' -> 'G:/MyGithub/Lenrning/MyJupyter/Pillow__/gif动图/.ipynb_checkpoints/Untitled-checkpoint.ipynb'
2020-04-20 22:10:28: 新建复制 'G:/MyJupyter/Pillow__/gif动图/gif帧保存.ipynb' -> 'G:/MyGithub/Lenrning/MyJupyter/Pillow__/gif动图/gif帧保存.ipynb'
2020-04-20 22:10:28: 新建复制 'G:/MyJupyter/Pillow__/gif动图/pic/.ipynb_checkpoints/picframe00-checkpoint.png' -> 'G:/MyGithub/Lenrning/MyJupyter/Pillow__/gif动图/pic/.ipynb_checkpoints/picframe00-checkpoint.png'
2020-04-20 22:10:28: 新建复制 'G:/MyJupyter/Pillow__/gif动图/pic/.ipynb_checkpoints/picframe01-checkpoint.png' -> 'G:/MyGithub/Lenrning/MyJupyter/Pillow__/gif动图/pic/.ipynb_checkpoints/picframe01-checkpoint.png'
2020-04-20 22:10:28: 新建复制 'G:/MyJupyter/Pillow__/gif动图/pic/.ipynb_checkpoints/picframe02-checkpoint.png' -> 'G:/MyGithub/Lenrning/MyJupyter/Pillow__/gif动图/pic/.ipynb_checkpoints/picframe02-checkpoint.png'
2020-04-20 22:10:28: 新建复制 'G:/MyJupyter/Pillow__/gif动图/pic/picframe00.png' -> 'G:/MyGithub/Lenrning/MyJupyter/Pillow__/gif动图/pic/picframe00.png'
2020-04-20 22:10:28: 新建复制 'G:/MyJupyter/Pillow__/gif动图/pic/picframe01.png' -> 'G:/MyGithub/Lenrning/MyJupyter/Pillow__/gif动图/pic/picframe01.png'
2020-04-20 22:10:28: 新建复制 'G:/MyJupyter/Pillow__/gif动图/pic/picframe02.png' -> 'G:/MyGithub/Lenrning/MyJupyter/Pillow__/gif动图/pic/picframe02.png'
2020-04-20 22:10:28: 新建复制 'G:/MyJupyter/Pillow__/gif动图/pic/picframe03.png' -> 'G:/MyGithub/Lenrning/MyJupyter/Pillow__/gif动图/pic/picframe03.png'
2020-04-20 22:10:28: 新建复制 'G:/MyJupyter/Pillow__/gif动图/test.gif' -> 'G:/MyGithub/Lenrning/MyJupyter/Pillow__/gif动图/test.gif'
2020-04-20 22:10:28: 新建复制 'G:/MyJupyter/Pillow__/gif动图/tkinter动图gif显示.ipynb' -> 'G:/MyGithub/Lenrning/MyJupyter/Pillow__/gif动图/tkinter动图gif显示.ipynb'
2020-04-20 22:10:28: 新建复制 'G:/MyJupyter/Pillow__/gif动图/Untitled.ipynb' -> 'G:/MyGithub/Lenrning/MyJupyter/Pillow__/gif动图/Untitled.ipynb'
2020-04-20 22:10:28: 新建复制 'G:/MyJupyter/标准库/tkinter模块/.ipynb_checkpoints/t-checkpoint.gif' -> 'G:/MyGithub/Lenrning/MyJupyter/标准库/tkinter模块/.ipynb_checkpoints/t-checkpoint.gif'
2020-04-20 22:10:28: 新建复制 'G:/MyJupyter/标准库/tkinter模块/.ipynb_checkpoints/显示图片-checkpoint.ipynb' -> 'G:/MyGithub/Lenrning/MyJupyter/标准库/tkinter模块/.ipynb_checkpoints/显示图片-checkpoint.ipynb'
2020-04-20 22:10:28: 新建复制 'G:/MyJupyter/标准库/tkinter模块/1/.ipynb_checkpoints/picframe00-checkpoint.png' -> 'G:/MyGithub/Lenrning/MyJupyter/标准库/tkinter模块/1/.ipynb_checkpoints/picframe00-checkpoint.png'
2020-04-20 22:10:28: 新建复制 'G:/MyJupyter/标准库/tkinter模块/1/.ipynb_checkpoints/picframe01-checkpoint.png' -> 'G:/MyGithub/Lenrning/MyJupyter/标准库/tkinter模块/1/.ipynb_checkpoints/picframe01-checkpoint.png'
2020-04-20 22:10:28: 新建复制 'G:/MyJupyter/标准库/tkinter模块/1/.ipynb_checkpoints/picframe02-checkpoint.png' -> 'G:/MyGithub/Lenrning/MyJupyter/标准库/tkinter模块/1/.ipynb_checkpoints/picframe02-checkpoint.png'
2020-04-20 22:10:28: 新建复制 'G:/MyJupyter/标准库/tkinter模块/1/.ipynb_checkpoints/picframe03-checkpoint.png' -> 'G:/MyGithub/Lenrning/MyJupyter/标准库/tkinter模块/1/.ipynb_checkpoints/picframe03-checkpoint.png'
2020-04-20 22:10:28: 新建复制 'G:/MyJupyter/标准库/tkinter模块/1/picframe00.png' -> 'G:/MyGithub/Lenrning/MyJupyter/标准库/tkinter模块/1/picframe00.png'
2020-04-20 22:10:28: 新建复制 'G:/MyJupyter/标准库/tkinter模块/1/picframe01.png' -> 'G:/MyGithub/Lenrning/MyJupyter/标准库/tkinter模块/1/picframe01.png'
2020-04-20 22:10:28: 新建复制 'G:/MyJupyter/标准库/tkinter模块/1/picframe02.png' -> 'G:/MyGithub/Lenrning/MyJupyter/标准库/tkinter模块/1/picframe02.png'
2020-04-20 22:10:28: 新建复制 'G:/MyJupyter/标准库/tkinter模块/1/picframe03.png' -> 'G:/MyGithub/Lenrning/MyJupyter/标准库/tkinter模块/1/picframe03.png'
2020-04-20 22:10:28: 新建复制 'G:/MyJupyter/标准库/tkinter模块/t.gif' -> 'G:/MyGithub/Lenrning/MyJupyter/标准库/tkinter模块/t.gif'
2020-04-20 22:10:28: 新建复制 'G:/MyJupyter/标准库/tkinter模块/显示图片.ipynb' -> 'G:/MyGithub/Lenrning/MyJupyter/标准库/tkinter模块/显示图片.ipynb'
2020-04-20 22:10:28: 保存状态文件 G:/MyJupyter/_gsdata_/_file_state_v4._gs
2020-04-20 22:10:28: 保存状态文件 G:/MyGithub/Lenrning/MyJupyter/_gsdata_/_file_state_v4._gs
2020-04-20 22:10:28: 项目同步未必： 35，错误： 0
2020-04-20 22:10:28: ===== ：同步完毕。时间：00:00:00，速度： 0 字节/s =====
2020-04-20 22:10:28: 
