2020-04-07 20:32:53: ----- ：任务 'jupyter--github'：计算机 'DESKTOP-2EMGL50' 上的分析操作已由 User 所启动 (GoodSync v 9.8.0.0) -----
2020-04-07 20:32:53: G:\MyJupyter (G:/MyJupyter) <-> G:\MyGithub\Lenrning\MyJupyter (G:/MyGithub/Lenrning/MyJupyter), ReconnectSecs=120
2020-04-07 20:32:53: 左侧：文件： 30 (已排除 0)。文件夹： 3 (已排除 1)。 G: NTFS, 可用空间：233 GB，总计空间：278 GB
2020-04-07 20:32:53: 右侧：文件： 23 (已排除 0)。文件夹： 1 (已排除 1)。 G: NTFS, 可用空间：233 GB，总计空间：278 GB
2020-04-07 20:32:53: 变更：11， 冲突：0， 复制时间：0， 复制状态：0/0， 错误： 0
2020-04-07 20:32:53: Left to Right: Copy File: 11 
2020-04-07 20:32:53: ----- ：分析已结束。 历时 00:00:03， 速度： 11 个文件/秒 -----
2020-04-07 20:32:53: 
2020-04-07 20:32:54: ===== ：任务 'jupyter--github'：同步已被 User 所启动，位于计算机 'DESKTOP-2EMGL50' =====
2020-04-07 20:32:54: G:\MyJupyter (G:/MyJupyter) <-> G:\MyGithub\Lenrning\MyJupyter (G:/MyGithub/Lenrning/MyJupyter), ReconnectSecs=120
2020-04-07 20:32:54: 创建文件夹 'G:/MyGithub/Lenrning/MyJupyter/temp'
2020-04-07 20:32:54: 创建文件夹 'G:/MyGithub/Lenrning/MyJupyter/temp/.ipynb_checkpoints'
2020-04-07 20:32:54: 覆盖复制 'G:/MyJupyter/.ipynb_checkpoints/进程和线程-checkpoint.ipynb' -> 'G:/MyGithub/Lenrning/MyJupyter/.ipynb_checkpoints/进程和线程-checkpoint.ipynb'
2020-04-07 20:32:54: 新建复制 'G:/MyJupyter/.ipynb_checkpoints/进程线程2-checkpoint.ipynb' -> 'G:/MyGithub/Lenrning/MyJupyter/.ipynb_checkpoints/进程线程2-checkpoint.ipynb'
2020-04-07 20:32:54: 新建复制 'G:/MyJupyter/temp/.ipynb_checkpoints/1-checkpoint.py' -> 'G:/MyGithub/Lenrning/MyJupyter/temp/.ipynb_checkpoints/1-checkpoint.py'
2020-04-07 20:32:54: 新建复制 'G:/MyJupyter/temp/.ipynb_checkpoints/2-checkpoint.py' -> 'G:/MyGithub/Lenrning/MyJupyter/temp/.ipynb_checkpoints/2-checkpoint.py'
2020-04-07 20:32:54: 新建复制 'G:/MyJupyter/temp/1.py' -> 'G:/MyGithub/Lenrning/MyJupyter/temp/1.py'
2020-04-07 20:32:54: 新建复制 'G:/MyJupyter/temp/2.py' -> 'G:/MyGithub/Lenrning/MyJupyter/temp/2.py'
2020-04-07 20:32:54: 新建复制 'G:/MyJupyter/temp/3.py' -> 'G:/MyGithub/Lenrning/MyJupyter/temp/3.py'
2020-04-07 20:32:54: 覆盖复制 'G:/MyJupyter/进程和线程.ipynb' -> 'G:/MyGithub/Lenrning/MyJupyter/进程和线程.ipynb'
2020-04-07 20:32:54: 新建复制 'G:/MyJupyter/进程线程2.ipynb' -> 'G:/MyGithub/Lenrning/MyJupyter/进程线程2.ipynb'
2020-04-07 20:32:54: 保存状态文件 G:/MyJupyter/_gsdata_/_file_state_v4._gs
2020-04-07 20:32:54: 保存状态文件 G:/MyGithub/Lenrning/MyJupyter/_gsdata_/_file_state_v4._gs
2020-04-07 20:32:54: 项目同步未必： 11，错误： 0
2020-04-07 20:32:54: ===== ：同步完毕。时间：00:00:00，速度： 0 字节/s =====
2020-04-07 20:32:54: 
