2020-04-21 22:12:03: ----- ：任务 'jupyter--github'：计算机 'DESKTOP-2EMGL50' 上的分析操作已由 User 所启动 (GoodSync v 9.8.0.0) -----
2020-04-21 22:12:03: G:\MyJupyter (G:/MyJupyter) <-> G:\MyGithub\Lenrning\MyJupyter (G:/MyGithub/Lenrning/MyJupyter), ReconnectSecs=120
2020-04-21 22:12:03: 左侧：文件： 165 (已排除 0)。文件夹： 38 (已排除 1)。 G: NTFS, 可用空间：216 GB，总计空间：278 GB
2020-04-21 22:12:03: 右侧：文件： 170 (已排除 0)。文件夹： 36 (已排除 1)。 G: NTFS, 可用空间：216 GB，总计空间：278 GB
2020-04-21 22:12:03: 变更：23， 冲突：0， 复制时间：0， 复制状态：0/0， 错误： 0
2020-04-21 22:12:03: Left to Right: Copy File: 12 Delete File: 11 
2020-04-21 22:12:03: ----- ：分析已结束。 历时 00:00:00， 速度： Many 个文件/秒 -----
2020-04-21 22:12:03: 
2020-04-21 22:12:04: ===== ：任务 'jupyter--github'：同步已被 User 所启动，位于计算机 'DESKTOP-2EMGL50' =====
2020-04-21 22:12:04: G:\MyJupyter (G:/MyJupyter) <-> G:\MyGithub\Lenrning\MyJupyter (G:/MyGithub/Lenrning/MyJupyter), ReconnectSecs=120
2020-04-21 22:12:04: 删除文件 'G:/MyGithub/Lenrning/MyJupyter/Pillow__/gif动图/.ipynb_checkpoints/Untitled-checkpoint.ipynb'
2020-04-21 22:12:04: 删除文件 'G:/MyGithub/Lenrning/MyJupyter/Pillow__/gif动图/pic/.ipynb_checkpoints/picframe00-checkpoint.png'
2020-04-21 22:12:04: 删除文件 'G:/MyGithub/Lenrning/MyJupyter/Pillow__/gif动图/pic/.ipynb_checkpoints/picframe01-checkpoint.png'
2020-04-21 22:12:04: 删除文件 'G:/MyGithub/Lenrning/MyJupyter/Pillow__/gif动图/pic/.ipynb_checkpoints/picframe02-checkpoint.png'
2020-04-21 22:12:04: 删除文件 'G:/MyGithub/Lenrning/MyJupyter/Pillow__/gif动图/pic/picframe00.png'
2020-04-21 22:12:04: 删除文件 'G:/MyGithub/Lenrning/MyJupyter/Pillow__/gif动图/pic/picframe01.png'
2020-04-21 22:12:04: 删除文件 'G:/MyGithub/Lenrning/MyJupyter/Pillow__/gif动图/pic/picframe02.png'
2020-04-21 22:12:04: 删除文件 'G:/MyGithub/Lenrning/MyJupyter/Pillow__/gif动图/pic/picframe03.png'
2020-04-21 22:12:04: 删除文件 'G:/MyGithub/Lenrning/MyJupyter/Pillow__/gif动图/Untitled.ipynb'
2020-04-21 22:12:04: 删除文件 'G:/MyGithub/Lenrning/MyJupyter/标准库/tkinter模块/.ipynb_checkpoints/加载图片-checkpoint.ipynb'
2020-04-21 22:12:04: 删除文件 'G:/MyGithub/Lenrning/MyJupyter/标准库/tkinter模块/加载图片.ipynb'
2020-04-21 22:12:04: 创建文件夹 'G:/MyGithub/Lenrning/MyJupyter/做题'
2020-04-21 22:12:04: 创建文件夹 'G:/MyGithub/Lenrning/MyJupyter/做题/.ipynb_checkpoints'
2020-04-21 22:12:04: 新建复制 'G:/MyJupyter/Pillow__/.ipynb_checkpoints/tkinter保存文件对话框的简单使用-checkpoint.ipynb' -> 'G:/MyGithub/Lenrning/MyJupyter/Pillow__/.ipynb_checkpoints/tkinter保存文件对话框的简单使用-checkpoint.ipynb'
2020-04-21 22:12:04: 覆盖复制 'G:/MyJupyter/Pillow__/gif动图/.ipynb_checkpoints/gif帧保存-checkpoint.ipynb' -> 'G:/MyGithub/Lenrning/MyJupyter/Pillow__/gif动图/.ipynb_checkpoints/gif帧保存-checkpoint.ipynb'
2020-04-21 22:12:04: 覆盖复制 'G:/MyJupyter/Pillow__/gif动图/.ipynb_checkpoints/tkinter动图gif显示-checkpoint.ipynb' -> 'G:/MyGithub/Lenrning/MyJupyter/Pillow__/gif动图/.ipynb_checkpoints/tkinter动图gif显示-checkpoint.ipynb'
2020-04-21 22:12:04: 覆盖复制 'G:/MyJupyter/Pillow__/gif动图/gif帧保存.ipynb' -> 'G:/MyGithub/Lenrning/MyJupyter/Pillow__/gif动图/gif帧保存.ipynb'
2020-04-21 22:12:04: 覆盖复制 'G:/MyJupyter/Pillow__/gif动图/tkinter动图gif显示.ipynb' -> 'G:/MyGithub/Lenrning/MyJupyter/Pillow__/gif动图/tkinter动图gif显示.ipynb'
2020-04-21 22:12:04: 新建复制 'G:/MyJupyter/Pillow__/tkinter保存文件对话框的简单使用.ipynb' -> 'G:/MyGithub/Lenrning/MyJupyter/Pillow__/tkinter保存文件对话框的简单使用.ipynb'
2020-04-21 22:12:04: 新建复制 'G:/MyJupyter/做题/.ipynb_checkpoints/Untitled-checkpoint.ipynb' -> 'G:/MyGithub/Lenrning/MyJupyter/做题/.ipynb_checkpoints/Untitled-checkpoint.ipynb'
2020-04-21 22:12:04: 新建复制 'G:/MyJupyter/做题/Untitled.ipynb' -> 'G:/MyGithub/Lenrning/MyJupyter/做题/Untitled.ipynb'
2020-04-21 22:12:04: 新建复制 'G:/MyJupyter/标准库/tkinter模块/.ipynb_checkpoints/打开和保存图片-checkpoint.ipynb' -> 'G:/MyGithub/Lenrning/MyJupyter/标准库/tkinter模块/.ipynb_checkpoints/打开和保存图片-checkpoint.ipynb'
2020-04-21 22:12:04: 新建复制 'G:/MyJupyter/标准库/tkinter模块/打开和保存图片.ipynb' -> 'G:/MyGithub/Lenrning/MyJupyter/标准库/tkinter模块/打开和保存图片.ipynb'
2020-04-21 22:12:04: 保存状态文件 G:/MyJupyter/_gsdata_/_file_state_v4._gs
2020-04-21 22:12:04: 保存状态文件 G:/MyGithub/Lenrning/MyJupyter/_gsdata_/_file_state_v4._gs
2020-04-21 22:12:04: 项目同步未必： 23，错误： 0
2020-04-21 22:12:04: ===== ：同步完毕。时间：00:00:00，速度： 0 字节/s =====
2020-04-21 22:12:04: 
