2020-04-15 18:46:07: ----- ：任务 'jupyter--github'：计算机 'DESKTOP-2EMGL50' 上的分析操作已由 User 所启动 (GoodSync v 9.8.0.0) -----
2020-04-15 18:46:07: G:\MyJupyter (G:/MyJupyter) <-> G:\MyGithub\Lenrning\MyJupyter (G:/MyGithub/Lenrning/MyJupyter), ReconnectSecs=120
2020-04-15 18:46:07: 左侧：文件： 96 (已排除 0)。文件夹： 18 (已排除 1)。 G: NTFS, 可用空间：233 GB，总计空间：278 GB
2020-04-15 18:46:07: 右侧：文件： 83 (已排除 0)。文件夹： 18 (已排除 1)。 G: NTFS, 可用空间：233 GB，总计空间：278 GB
2020-04-15 18:46:07: 变更：24， 冲突：0， 复制时间：0， 复制状态：0/0， 错误： 0
2020-04-15 18:46:07: Left to Right: Copy File: 22 Delete File: 2 
2020-04-15 18:46:07: ----- ：分析已结束。 历时 00:00:00， 速度： Many 个文件/秒 -----
2020-04-15 18:46:07: 
2020-04-15 18:46:09: ===== ：任务 'jupyter--github'：同步已被 User 所启动，位于计算机 'DESKTOP-2EMGL50' =====
2020-04-15 18:46:09: G:\MyJupyter (G:/MyJupyter) <-> G:\MyGithub\Lenrning\MyJupyter (G:/MyGithub/Lenrning/MyJupyter), ReconnectSecs=120
2020-04-15 18:46:09: 删除文件 'G:/MyGithub/Lenrning/MyJupyter/标准库/tkinter模块/.ipynb_checkpoints/Untitled-checkpoint.ipynb'
2020-04-15 18:46:09: 删除文件 'G:/MyGithub/Lenrning/MyJupyter/标准库/tkinter模块/Untitled.ipynb'
2020-04-15 18:46:09: 覆盖复制 'G:/MyJupyter/Pillow_/.ipynb_checkpoints/ImageFilter模块-checkpoint.ipynb' -> 'G:/MyGithub/Lenrning/MyJupyter/Pillow_/.ipynb_checkpoints/ImageFilter模块-checkpoint.ipynb'
2020-04-15 18:46:09: 覆盖复制 'G:/MyJupyter/Pillow_/ImageFilter模块.ipynb' -> 'G:/MyGithub/Lenrning/MyJupyter/Pillow_/ImageFilter模块.ipynb'
2020-04-15 18:46:09: 覆盖复制 'G:/MyJupyter/Pillow_/thumbnail.png' -> 'G:/MyGithub/Lenrning/MyJupyter/Pillow_/thumbnail.png'
2020-04-15 18:46:09: 新建复制 'G:/MyJupyter/标准库/tkinter模块/.ipynb_checkpoints/Entry&Text-checkpoint.ipynb' -> 'G:/MyGithub/Lenrning/MyJupyter/标准库/tkinter模块/.ipynb_checkpoints/Entry&Text-checkpoint.ipynb'
2020-04-15 18:46:09: 新建复制 'G:/MyJupyter/标准库/tkinter模块/.ipynb_checkpoints/hit_me-checkpoint.ipynb' -> 'G:/MyGithub/Lenrning/MyJupyter/标准库/tkinter模块/.ipynb_checkpoints/hit_me-checkpoint.ipynb'
2020-04-15 18:46:09: 覆盖复制 'G:/MyJupyter/标准库/tkinter模块/.ipynb_checkpoints/PythonGUILearning-checkpoint.ipynb' -> 'G:/MyGithub/Lenrning/MyJupyter/标准库/tkinter模块/.ipynb_checkpoints/PythonGUILearning-checkpoint.ipynb'
2020-04-15 18:46:09: 覆盖复制 'G:/MyJupyter/标准库/tkinter模块/.ipynb_checkpoints/tkinter模块-checkpoint.ipynb' -> 'G:/MyGithub/Lenrning/MyJupyter/标准库/tkinter模块/.ipynb_checkpoints/tkinter模块-checkpoint.ipynb'
2020-04-15 18:46:09: 新建复制 'G:/MyJupyter/标准库/tkinter模块/.ipynb_checkpoints/加载图片-checkpoint.ipynb' -> 'G:/MyGithub/Lenrning/MyJupyter/标准库/tkinter模块/.ipynb_checkpoints/加载图片-checkpoint.ipynb'
2020-04-15 18:46:09: 新建复制 'G:/MyJupyter/标准库/tkinter模块/.ipynb_checkpoints/框架按钮布局-checkpoint.ipynb' -> 'G:/MyGithub/Lenrning/MyJupyter/标准库/tkinter模块/.ipynb_checkpoints/框架按钮布局-checkpoint.ipynb'
2020-04-15 18:46:09: 新建复制 'G:/MyJupyter/标准库/tkinter模块/Entry&Text.ipynb' -> 'G:/MyGithub/Lenrning/MyJupyter/标准库/tkinter模块/Entry&Text.ipynb'
2020-04-15 18:46:09: 新建复制 'G:/MyJupyter/标准库/tkinter模块/hit_me.ipynb' -> 'G:/MyGithub/Lenrning/MyJupyter/标准库/tkinter模块/hit_me.ipynb'
2020-04-15 18:46:09: 覆盖复制 'G:/MyJupyter/标准库/tkinter模块/PythonGUILearning.ipynb' -> 'G:/MyGithub/Lenrning/MyJupyter/标准库/tkinter模块/PythonGUILearning.ipynb'
2020-04-15 18:46:09: 新建复制 'G:/MyJupyter/标准库/tkinter模块/temp/.ipynb_checkpoints/1-checkpoint.jpg' -> 'G:/MyGithub/Lenrning/MyJupyter/标准库/tkinter模块/temp/.ipynb_checkpoints/1-checkpoint.jpg'
2020-04-15 18:46:09: 新建复制 'G:/MyJupyter/标准库/tkinter模块/temp/.ipynb_checkpoints/1858-checkpoint.jpg' -> 'G:/MyGithub/Lenrning/MyJupyter/标准库/tkinter模块/temp/.ipynb_checkpoints/1858-checkpoint.jpg'
2020-04-15 18:46:09: 新建复制 'G:/MyJupyter/标准库/tkinter模块/temp/.ipynb_checkpoints/2-checkpoint.jpg' -> 'G:/MyGithub/Lenrning/MyJupyter/标准库/tkinter模块/temp/.ipynb_checkpoints/2-checkpoint.jpg'
2020-04-15 18:46:09: 新建复制 'G:/MyJupyter/标准库/tkinter模块/temp/.ipynb_checkpoints/3-checkpoint.png' -> 'G:/MyGithub/Lenrning/MyJupyter/标准库/tkinter模块/temp/.ipynb_checkpoints/3-checkpoint.png'
2020-04-15 18:46:09: 新建复制 'G:/MyJupyter/标准库/tkinter模块/temp/1858.jpg' -> 'G:/MyGithub/Lenrning/MyJupyter/标准库/tkinter模块/temp/1858.jpg'
2020-04-15 18:46:09: 新建复制 'G:/MyJupyter/标准库/tkinter模块/temp/2.jpg' -> 'G:/MyGithub/Lenrning/MyJupyter/标准库/tkinter模块/temp/2.jpg'
2020-04-15 18:46:09: 新建复制 'G:/MyJupyter/标准库/tkinter模块/temp/3.jpg' -> 'G:/MyGithub/Lenrning/MyJupyter/标准库/tkinter模块/temp/3.jpg'
2020-04-15 18:46:09: 覆盖复制 'G:/MyJupyter/标准库/tkinter模块/tkinter模块.ipynb' -> 'G:/MyGithub/Lenrning/MyJupyter/标准库/tkinter模块/tkinter模块.ipynb'
2020-04-15 18:46:09: 新建复制 'G:/MyJupyter/标准库/tkinter模块/加载图片.ipynb' -> 'G:/MyGithub/Lenrning/MyJupyter/标准库/tkinter模块/加载图片.ipynb'
2020-04-15 18:46:09: 新建复制 'G:/MyJupyter/标准库/tkinter模块/框架按钮布局.ipynb' -> 'G:/MyGithub/Lenrning/MyJupyter/标准库/tkinter模块/框架按钮布局.ipynb'
2020-04-15 18:46:09: 保存状态文件 G:/MyJupyter/_gsdata_/_file_state_v4._gs
2020-04-15 18:46:09: 保存状态文件 G:/MyGithub/Lenrning/MyJupyter/_gsdata_/_file_state_v4._gs
2020-04-15 18:46:09: 项目同步未必： 24，错误： 0
2020-04-15 18:46:09: ===== ：同步完毕。时间：00:00:00，速度： 0 字节/s =====
2020-04-15 18:46:09: 
