2020-04-09 21:25:29: ----- ：任务 'jupyter--github'：计算机 'DESKTOP-2EMGL50' 上的分析操作已由 User 所启动 (GoodSync v 9.8.0.0) -----
2020-04-09 21:25:29: G:\MyJupyter (G:/MyJupyter) <-> G:\MyGithub\Lenrning\MyJupyter (G:/MyGithub/Lenrning/MyJupyter), ReconnectSecs=120
2020-04-09 21:25:29: 左侧：文件： 35 (已排除 0)。文件夹： 3 (已排除 1)。 G: NTFS, 可用空间：233 GB，总计空间：278 GB
2020-04-09 21:25:29: 右侧：文件： 30 (已排除 0)。文件夹： 3 (已排除 1)。 G: NTFS, 可用空间：233 GB，总计空间：278 GB
2020-04-09 21:25:29: 变更：8， 冲突：0， 复制时间：0， 复制状态：0/0， 错误： 0
2020-04-09 21:25:29: Left to Right: Copy File: 8 
2020-04-09 21:25:29: ----- ：分析已结束。 历时 00:00:00， 速度： Many 个文件/秒 -----
2020-04-09 21:25:29: 
2020-04-09 21:25:29: ===== ：任务 'jupyter--github'：同步已被 User 所启动，位于计算机 'DESKTOP-2EMGL50' =====
2020-04-09 21:25:29: G:\MyJupyter (G:/MyJupyter) <-> G:\MyGithub\Lenrning\MyJupyter (G:/MyGithub/Lenrning/MyJupyter), ReconnectSecs=120
2020-04-09 21:25:29: 新建复制 'G:/MyJupyter/.ipynb_checkpoints/Python语言进阶-checkpoint.ipynb' -> 'G:/MyGithub/Lenrning/MyJupyter/.ipynb_checkpoints/Python语言进阶-checkpoint.ipynb'
2020-04-09 21:25:29: 新建复制 'G:/MyJupyter/.ipynb_checkpoints/类-checkpoint.ipynb' -> 'G:/MyGithub/Lenrning/MyJupyter/.ipynb_checkpoints/类-checkpoint.ipynb'
2020-04-09 21:25:30: 覆盖复制 'G:/MyJupyter/.ipynb_checkpoints/进程线程2-checkpoint.ipynb' -> 'G:/MyGithub/Lenrning/MyJupyter/.ipynb_checkpoints/进程线程2-checkpoint.ipynb'
2020-04-09 21:25:30: 新建复制 'G:/MyJupyter/Python语言进阶.ipynb' -> 'G:/MyGithub/Lenrning/MyJupyter/Python语言进阶.ipynb'
2020-04-09 21:25:30: 新建复制 'G:/MyJupyter/temp/.ipynb_checkpoints/queue_1-checkpoint.py' -> 'G:/MyGithub/Lenrning/MyJupyter/temp/.ipynb_checkpoints/queue_1-checkpoint.py'
2020-04-09 21:25:30: 新建复制 'G:/MyJupyter/temp/queue_1.py' -> 'G:/MyGithub/Lenrning/MyJupyter/temp/queue_1.py'
2020-04-09 21:25:30: 覆盖复制 'G:/MyJupyter/类.ipynb' -> 'G:/MyGithub/Lenrning/MyJupyter/类.ipynb'
2020-04-09 21:25:30: 覆盖复制 'G:/MyJupyter/进程线程2.ipynb' -> 'G:/MyGithub/Lenrning/MyJupyter/进程线程2.ipynb'
2020-04-09 21:25:30: 保存状态文件 G:/MyJupyter/_gsdata_/_file_state_v4._gs
2020-04-09 21:25:30: 保存状态文件 G:/MyGithub/Lenrning/MyJupyter/_gsdata_/_file_state_v4._gs
2020-04-09 21:25:30: 项目同步未必： 8，错误： 0
2020-04-09 21:25:30: ===== ：同步完毕。时间：00:00:01，速度： 34.9 KB/s =====
2020-04-09 21:25:30: 
