2020-04-07 20:32:57: ----- ：任务 'python文件'：计算机 'DESKTOP-2EMGL50' 上的分析操作已由 User 所启动 (GoodSync v 9.8.0.0) -----
2020-04-07 20:32:57: G:\MyGithub\Lenrning\文件 (G:/MyGithub/Lenrning/文件) <-> G:\我的坚果云\文件 (G:/我的坚果云/文件), ReconnectSecs=120
2020-04-07 20:32:57: 左侧：文件： 55 (已排除 0)。文件夹： 5 (已排除 1)。 G: NTFS, 可用空间：233 GB，总计空间：278 GB
2020-04-07 20:32:57: 右侧：文件： 55 (已排除 0)。文件夹： 5 (已排除 1)。 G: NTFS, 可用空间：233 GB，总计空间：278 GB
2020-04-07 20:32:57: 变更：5， 冲突：0， 复制时间：0， 复制状态：0/0， 错误： 0
2020-04-07 20:32:57: Right to Left: Copy File: 4 Delete File: 1 
2020-04-07 20:32:57: ----- ：分析已结束。 历时 00:00:00， 速度： Many 个文件/秒 -----
2020-04-07 20:32:57: 
2020-04-07 20:32:57: ===== ：任务 'python文件'：同步已被 User 所启动，位于计算机 'DESKTOP-2EMGL50' =====
2020-04-07 20:32:57: G:\MyGithub\Lenrning\文件 (G:/MyGithub/Lenrning/文件) <-> G:\我的坚果云\文件 (G:/我的坚果云/文件), ReconnectSecs=120
2020-04-07 20:32:57: 删除文件 'G:/MyGithub/Lenrning/文件/批量转换.py'
2020-04-07 20:32:57: 覆盖复制 'G:/我的坚果云/文件/.idea/misc.xml' -> 'G:/MyGithub/Lenrning/文件/.idea/misc.xml'
2020-04-07 20:32:57: 覆盖复制 'G:/我的坚果云/文件/.idea/workspace.xml' -> 'G:/MyGithub/Lenrning/文件/.idea/workspace.xml'
2020-04-07 20:32:57: 覆盖复制 'G:/我的坚果云/文件/.idea/文件.iml' -> 'G:/MyGithub/Lenrning/文件/.idea/文件.iml'
2020-04-07 20:32:57: 新建复制 'G:/我的坚果云/文件/aaa.py' -> 'G:/MyGithub/Lenrning/文件/aaa.py'
2020-04-07 20:32:58: 保存状态文件 G:/MyGithub/Lenrning/文件/_gsdata_/_file_state_v4._gs
2020-04-07 20:32:58: 保存状态文件 G:/我的坚果云/文件/_gsdata_/_file_state_v4._gs
2020-04-07 20:32:58: 项目同步未必： 5，错误： 0
2020-04-07 20:32:58: ===== ：同步完毕。时间：00:00:01，速度： 0 字节/s =====
2020-04-07 20:32:58: 
