2020-04-09 21:25:25: ----- ：任务 'python文件'：计算机 'DESKTOP-2EMGL50' 上的分析操作已由 User 所启动 (GoodSync v 9.8.0.0) -----
2020-04-09 21:25:25: G:\MyGithub\Lenrning\文件 (G:/MyGithub/Lenrning/文件) <-> G:\我的坚果云\文件 (G:/我的坚果云/文件), ReconnectSecs=120
2020-04-09 21:25:25: 左侧：文件： 55 (已排除 0)。文件夹： 5 (已排除 1)。 G: NTFS, 可用空间：233 GB，总计空间：278 GB
2020-04-09 21:25:25: 右侧：文件： 58 (已排除 0)。文件夹： 6 (已排除 1)。 G: NTFS, 可用空间：233 GB，总计空间：278 GB
2020-04-09 21:25:25: 变更：7， 冲突：0， 复制时间：0， 复制状态：0/0， 错误： 0
2020-04-09 21:25:25: Right to Left: Copy File: 6 Delete File: 1 
2020-04-09 21:25:25: ----- ：分析已结束。 历时 00:00:00， 速度： Many 个文件/秒 -----
2020-04-09 21:25:25: 
2020-04-09 21:25:26: ===== ：任务 'python文件'：同步已被 User 所启动，位于计算机 'DESKTOP-2EMGL50' =====
2020-04-09 21:25:26: G:\MyGithub\Lenrning\文件 (G:/MyGithub/Lenrning/文件) <-> G:\我的坚果云\文件 (G:/我的坚果云/文件), ReconnectSecs=120
2020-04-09 21:25:26: 删除文件 'G:/MyGithub/Lenrning/文件/aaa.py'
2020-04-09 21:25:26: 创建文件夹 'G:/MyGithub/Lenrning/文件/多进程和多线程'
2020-04-09 21:25:26: 新建复制 'G:/我的坚果云/文件/.idea/.gitignore' -> 'G:/MyGithub/Lenrning/文件/.idea/.gitignore'
2020-04-09 21:25:26: 覆盖复制 'G:/我的坚果云/文件/.idea/workspace.xml' -> 'G:/MyGithub/Lenrning/文件/.idea/workspace.xml'
2020-04-09 21:25:26: 新建复制 'G:/我的坚果云/文件/11.py' -> 'G:/MyGithub/Lenrning/文件/11.py'
2020-04-09 21:25:26: 新建复制 'G:/我的坚果云/文件/多进程和多线程/Queue队列.py' -> 'G:/MyGithub/Lenrning/文件/多进程和多线程/Queue队列.py'
2020-04-09 21:25:26: 新建复制 'G:/我的坚果云/文件/多进程和多线程/多进程.py' -> 'G:/MyGithub/Lenrning/文件/多进程和多线程/多进程.py'
2020-04-09 21:25:26: 保存状态文件 G:/MyGithub/Lenrning/文件/_gsdata_/_file_state_v4._gs
2020-04-09 21:25:26: 保存状态文件 G:/我的坚果云/文件/_gsdata_/_file_state_v4._gs
2020-04-09 21:25:26: 项目同步未必： 7，错误： 0
2020-04-09 21:25:26: ===== ：同步完毕。时间：00:00:00，速度： 0 字节/s =====
2020-04-09 21:25:26: 
