2020-03-26 22:08:11: ----- ：任务 'python文件'：计算机 'DESKTOP-2EMGL50' 上的分析操作已由 User 所启动 (GoodSync v 9.8.0.0) -----
2020-03-26 22:08:11: G:\MyGithub\Lenrning\文件 (G:/MyGithub/Lenrning/文件) <-> G:\我的坚果云\文件 (G:/我的坚果云/文件), ReconnectSecs=120
2020-03-26 22:08:11: 左侧: State file does not exist: G:/MyGithub/Lenrning/文件/_gsdata_/_file_state_v4._gs
2020-03-26 22:08:11: 左侧：文件： 31 (已排除 0)。文件夹： 1 (已排除 0)。 G: NTFS, 可用空间：233 GB，总计空间：278 GB
2020-03-26 22:08:11: 右侧: State file does not exist: G:/我的坚果云/文件/_gsdata_/_file_state_v4._gs
2020-03-26 22:08:11: 右侧：文件： 33 (已排除 0)。文件夹： 1 (已排除 0)。 G: NTFS, 可用空间：233 GB，总计空间：278 GB
2020-03-26 22:08:11: 变更：2， 冲突：0， 复制时间：0， 复制状态：0/32， 错误： 0
2020-03-26 22:08:11: Right to Left: Copy File: 2 
2020-03-26 22:08:11: ----- ：分析已结束。 历时 00:00:00， 速度： Many 个文件/秒 -----
2020-03-26 22:08:11: 
2020-03-26 22:08:14: New _gsdata_ folder(s) created, so rescan all job folders for their ghosts
2020-03-26 22:08:14: ===== ：任务 'python文件'：同步已被 User 所启动，位于计算机 'DESKTOP-2EMGL50' =====
2020-03-26 22:08:14: G:\MyGithub\Lenrning\文件 (G:/MyGithub/Lenrning/文件) <-> G:\我的坚果云\文件 (G:/我的坚果云/文件), ReconnectSecs=120
2020-03-26 22:08:14: 新建复制 'G:/我的坚果云/文件/找出10000以内完美数.py' -> 'G:/MyGithub/Lenrning/文件/找出10000以内完美数.py'
2020-03-26 22:08:14: 新建复制 'G:/我的坚果云/文件/输出100以内所有的素数.py' -> 'G:/MyGithub/Lenrning/文件/输出100以内所有的素数.py'
2020-03-26 22:08:14: 保存状态文件 G:/MyGithub/Lenrning/文件/_gsdata_/_file_state_v4._gs
2020-03-26 22:08:14: 保存状态文件 G:/我的坚果云/文件/_gsdata_/_file_state_v4._gs
2020-03-26 22:08:14: 项目同步未必： 34，错误： 0
2020-03-26 22:08:14: ===== ：同步完毕。时间：00:00:00，速度： 0 字节/s =====
2020-03-26 22:08:14: 
